Release 14.7 - xst P.20131013 (nt64)
Copyright (c) 1995-2013 Xilinx, Inc.  All rights reserved.
--> Parameter TMPDIR set to xst/projnav.tmp


Total REAL time to Xst completion: 0.00 secs
Total CPU time to Xst completion: 0.08 secs
 
--> Parameter xsthdpdir set to xst


Total REAL time to Xst completion: 0.00 secs
Total CPU time to Xst completion: 0.10 secs
 
--> Reading design: Debouncer.prj

TABLE OF CONTENTS
  1) Synthesis Options Summary
  2) HDL Parsing
  3) HDL Elaboration
  4) HDL Synthesis
       4.1) HDL Synthesis Report
  5) Advanced HDL Synthesis
       5.1) Advanced HDL Synthesis Report
  6) Low Level Synthesis
  7) Partition Report
  8) Design Summary
       8.1) Primitive and Black Box Usage
       8.2) Device utilization summary
       8.3) Partition Resource Summary
       8.4) Timing Report
            8.4.1) Clock Information
            8.4.2) Asynchronous Control Signals Information
            8.4.3) Timing Summary
            8.4.4) Timing Details
            8.4.5) Cross Clock Domains Report


=========================================================================
*                      Synthesis Options Summary                        *
=========================================================================
---- Source Parameters
Input File Name                    : "Debouncer.prj"
Ignore Synthesis Constraint File   : NO

---- Target Parameters
Output File Name                   : "Debouncer"
Output Format                      : NGC
Target Device                      : xc7a100t-3-csg324

---- Source Options
Top Module Name                    : Debouncer
Automatic FSM Extraction           : YES
FSM Encoding Algorithm             : Auto
Safe Implementation                : No
FSM Style                          : LUT
RAM Extraction                     : Yes
RAM Style                          : Auto
ROM Extraction                     : Yes
Shift Register Extraction          : YES
ROM Style                          : Auto
Resource Sharing                   : YES
Asynchronous To Synchronous        : NO
Shift Register Minimum Size        : 2
Use DSP Block                      : Auto
Automatic Register Balancing       : No

---- Target Options
LUT Combining                      : Auto
Reduce Control Sets                : Auto
Add IO Buffers                     : YES
Global Maximum Fanout              : 100000
Add Generic Clock Buffer(BUFG)     : 32
Register Duplication               : YES
Optimize Instantiated Primitives   : NO
Use Clock Enable                   : Auto
Use Synchronous Set                : Auto
Use Synchronous Reset              : Auto
Pack IO Registers into IOBs        : Auto
Equivalent register Removal        : YES

---- General Options
Optimization Goal                  : Speed
Optimization Effort                : 1
Power Reduction                    : NO
Keep Hierarchy                     : No
Netlist Hierarchy                  : As_Optimized
RTL Output                         : Yes
Global Optimization                : AllClockNets
Read Cores                         : YES
Write Timing Constraints           : NO
Cross Clock Analysis               : NO
Hierarchy Separator                : /
Bus Delimiter                      : <>
Case Specifier                     : Maintain
Slice Utilization Ratio            : 100
BRAM Utilization Ratio             : 100
DSP48 Utilization Ratio            : 100
Auto BRAM Packing                  : NO
Slice Utilization Ratio Delta      : 5

=========================================================================


=========================================================================
*                          HDL Parsing                                  *
=========================================================================
Analyzing Verilog file "C:\Users\140250d\Desktop\140250D_HCI\Traffic_controller\debouncer_core.v" into library work
Parsing module <debouncer_core>.
Analyzing Verilog file "C:\Users\140250d\Desktop\140250D_HCI\Traffic_controller\Debouncer.v" into library work
Parsing module <Debouncer>.

=========================================================================
*                            HDL Elaboration                            *
=========================================================================

Elaborating module <Debouncer>.

Elaborating module <debouncer_core>.
WARNING:HDLCompiler:413 - "C:\Users\140250d\Desktop\140250D_HCI\Traffic_controller\debouncer_core.v" Line 45: Result of 20-bit expression is truncated to fit in 19-bit target.

=========================================================================
*                           HDL Synthesis                               *
=========================================================================

Synthesizing Unit <Debouncer>.
    Related source file is "C:\Users\140250d\Desktop\140250D_HCI\Traffic_controller\Debouncer.v".
    Summary:
	no macro.
Unit <Debouncer> synthesized.

Synthesizing Unit <debouncer_core>.
    Related source file is "C:\Users\140250d\Desktop\140250D_HCI\Traffic_controller\debouncer_core.v".
        DELAY = 500000
    Found 1-bit register for signal <new>.
    Found 1-bit register for signal <clean>.
    Found 19-bit register for signal <count>.
    Found 19-bit adder for signal <count[18]_GND_2_o_add_3_OUT> created at line 45.
    Found 1-bit comparator equal for signal <n0000> created at line 37
    Summary:
	inferred   1 Adder/Subtractor(s).
	inferred  21 D-type flip-flop(s).
	inferred   1 Comparator(s).
	inferred   1 Multiplexer(s).
Unit <debouncer_core> synthesized.

=========================================================================
HDL Synthesis Report

Macro Statistics
# Adders/Subtractors                                   : 3
 19-bit adder                                          : 3
# Registers                                            : 9
 1-bit register                                        : 6
 19-bit register                                       : 3
# Comparators                                          : 3
 1-bit comparator equal                                : 3
# Multiplexers                                         : 3
 1-bit 2-to-1 multiplexer                              : 3

=========================================================================

=========================================================================
*                       Advanced HDL Synthesis                          *
=========================================================================


Synthesizing (advanced) Unit <debouncer_core>.
The following registers are absorbed into counter <count>: 1 register on signal <count>.
Unit <debouncer_core> synthesized (advanced).

=========================================================================
Advanced HDL Synthesis Report

Macro Statistics
# Counters                                             : 3
 19-bit up counter                                     : 3
# Registers                                            : 6
 Flip-Flops                                            : 6
# Comparators                                          : 3
 1-bit comparator equal                                : 3

=========================================================================

=========================================================================
*                         Low Level Synthesis                           *
=========================================================================

Optimizing unit <Debouncer> ...

Optimizing unit <debouncer_core> ...

Mapping all equations...
Building and optimizing final netlist ...
Found area constraint ratio of 100 (+ 5) on block Debouncer, actual ratio is 0.

Final Macro Processing ...

=========================================================================
Final Register Report

Macro Statistics
# Registers                                            : 63
 Flip-Flops                                            : 63

=========================================================================

=========================================================================
*                           Partition Report                            *
=========================================================================

Partition Implementation Status
-------------------------------

  No Partitions were found in this design.

-------------------------------

=========================================================================
*                            Design Summary                             *
=========================================================================

Top Level Output File Name         : Debouncer.ngc

Primitive and Black Box Usage:
------------------------------
# BELS                             : 197
#      GND                         : 1
#      INV                         : 3
#      LUT1                        : 54
#      LUT2                        : 6
#      LUT3                        : 3
#      LUT5                        : 9
#      LUT6                        : 9
#      MUXCY                       : 54
#      VCC                         : 1
#      XORCY                       : 57
# FlipFlops/Latches                : 63
#      FD                          : 6
#      FDRE                        : 57
# Clock Buffers                    : 1
#      BUFGP                       : 1
# IO Buffers                       : 7
#      IBUF                        : 4
#      OBUF                        : 3

Device utilization summary:
---------------------------

Selected Device : 7a100tcsg324-3 


Slice Logic Utilization: 
 Number of Slice Registers:              63  out of  126800     0%  
 Number of Slice LUTs:                   84  out of  63400     0%  
    Number used as Logic:                84  out of  63400     0%  

Slice Logic Distribution: 
 Number of LUT Flip Flop pairs used:     87
   Number with an unused Flip Flop:      24  out of     87    27%  
   Number with an unused LUT:             3  out of     87     3%  
   Number of fully used LUT-FF pairs:    60  out of     87    68%  
   Number of unique control sets:         4

IO Utilization: 
 Number of IOs:                           8
 Number of bonded IOBs:                   8  out of    210     3%  

Specific Feature Utilization:
 Number of BUFG/BUFGCTRLs:                1  out of     32     3%  

---------------------------
Partition Resource Summary:
---------------------------

  No Partitions were found in this design.

---------------------------


=========================================================================
Timing Report

NOTE: THESE TIMING NUMBERS ARE ONLY A SYNTHESIS ESTIMATE.
      FOR ACCURATE TIMING INFORMATION PLEASE REFER TO THE TRACE REPORT
      GENERATED AFTER PLACE-and-ROUTE.

Clock Information:
------------------
-----------------------------------+------------------------+-------+
Clock Signal                       | Clock buffer(FF name)  | Load  |
-----------------------------------+------------------------+-------+
clk                                | BUFGP                  | 63    |
-----------------------------------+------------------------+-------+

Asynchronous Control Signals Information:
----------------------------------------
No asynchronous control signals found in this design

Timing Summary:
---------------
Speed Grade: -3

   Minimum period: 2.216ns (Maximum Frequency: 451.345MHz)
   Minimum input arrival time before clock: 1.672ns
   Maximum output required time after clock: 0.645ns
   Maximum combinational path delay: No path found

Timing Details:
---------------
All values displayed in nanoseconds (ns)

=========================================================================
Timing constraint: Default period analysis for Clock 'clk'
  Clock period: 2.216ns (frequency: 451.345MHz)
  Total number of paths / destination ports: 1776 / 174
-------------------------------------------------------------------------
Delay:               2.216ns (Levels of Logic = 2)
  Source:            reprogram_debouncer/count_15 (FF)
  Destination:       reprogram_debouncer/count_18 (FF)
  Source Clock:      clk rising
  Destination Clock: clk rising

  Data Path: reprogram_debouncer/count_15 to reprogram_debouncer/count_18
                                Gate     Net
    Cell:in->out      fanout   Delay   Delay  Logical Name (Net Name)
    ----------------------------------------  ------------
     FDRE:C->Q             2   0.361   0.688  reprogram_debouncer/count_15 (reprogram_debouncer/count_15)
     LUT5:I0->O            2   0.097   0.515  reprogram_debouncer/GND_2_o_GND_2_o_equal_3_o<18>1 (reprogram_debouncer/GND_2_o_GND_2_o_equal_3_o<18>)
     LUT5:I2->O           19   0.097   0.363  reprogram_debouncer/GND_2_o_GND_2_o_equal_3_o_inv1 (reprogram_debouncer/GND_2_o_GND_2_o_equal_3_o_inv)
     FDRE:CE                   0.095          reprogram_debouncer/count_0
    ----------------------------------------
    Total                      2.216ns (0.650ns logic, 1.566ns route)
                                       (29.3% logic, 70.7% route)

=========================================================================
Timing constraint: Default OFFSET IN BEFORE for Clock 'clk'
  Total number of paths / destination ports: 129 / 63
-------------------------------------------------------------------------
Offset:              1.672ns (Levels of Logic = 4)
  Source:            reprogram_in (PAD)
  Destination:       reprogram_debouncer/clean (FF)
  Destination Clock: clk rising

  Data Path: reprogram_in to reprogram_debouncer/clean
                                Gate     Net
    Cell:in->out      fanout   Delay   Delay  Logical Name (Net Name)
    ----------------------------------------  ------------
     IBUF:I->O             4   0.001   0.393  reprogram_in_IBUF (reprogram_in_IBUF)
     LUT2:I0->O            1   0.097   0.683  reprogram_debouncer/n00001 (reprogram_debouncer/n00001)
     LUT6:I1->O            1   0.097   0.295  reprogram_debouncer/_n0032_inv1 (reprogram_debouncer/_n0032_inv)
     LUT5:I4->O            1   0.097   0.000  reprogram_debouncer/clean_rstpot (reprogram_debouncer/clean_rstpot)
     FD:D                      0.008          reprogram_debouncer/clean
    ----------------------------------------
    Total                      1.672ns (0.300ns logic, 1.372ns route)
                                       (17.9% logic, 82.1% route)

=========================================================================
Timing constraint: Default OFFSET OUT AFTER for Clock 'clk'
  Total number of paths / destination ports: 3 / 3
-------------------------------------------------------------------------
Offset:              0.645ns (Levels of Logic = 1)
  Source:            reset_debouncer/clean (FF)
  Destination:       reset_db_out (PAD)
  Source Clock:      clk rising

  Data Path: reset_debouncer/clean to reset_db_out
                                Gate     Net
    Cell:in->out      fanout   Delay   Delay  Logical Name (Net Name)
    ----------------------------------------  ------------
     FD:C->Q               2   0.361   0.283  reset_debouncer/clean (reset_debouncer/clean)
     OBUF:I->O                 0.000          reset_db_out_OBUF (reset_db_out)
    ----------------------------------------
    Total                      0.645ns (0.361ns logic, 0.283ns route)
                                       (56.0% logic, 44.0% route)

=========================================================================

Cross Clock Domains Report:
--------------------------

Clock to Setup on destination clock clk
---------------+---------+---------+---------+---------+
               | Src:Rise| Src:Fall| Src:Rise| Src:Fall|
Source Clock   |Dest:Rise|Dest:Rise|Dest:Fall|Dest:Fall|
---------------+---------+---------+---------+---------+
clk            |    2.216|         |         |         |
---------------+---------+---------+---------+---------+

=========================================================================


Total REAL time to Xst completion: 10.00 secs
Total CPU time to Xst completion: 9.30 secs
 
--> 

Total memory usage is 447512 kilobytes

Number of errors   :    0 (   0 filtered)
Number of warnings :    1 (   0 filtered)
Number of infos    :    0 (   0 filtered)

