Command line:
   FSM_TB_isim_beh.exe
     -simmode  gui
     -simrunnum  0
     -socket  60364

Fri Jul 13 14:46:02 2018


 Elaboration Time: 0.046801 sec

 Current Memory Usage: 666.485 Meg

 Total Signals          : 23
 Total Nets             : 30
 Total Signal Drivers   : 15
 Total Blocks           : 3
 Total Primitive Blocks : 2
 Total Processes        : 20
 Total Traceable Variables  : 40
 Total Scalar Nets and Variables : 392
Total Line Count : 101

 Total Simulation Time: 0.156001 sec

 Current Memory Usage: 981.058 Meg

Fri Jul 13 14:47:02 2018

