Command line:
   Timer_TB_isim_beh.exe
     -simmode  gui
     -simrunnum  0
     -socket  60334

Fri Jul 13 14:36:35 2018


 Elaboration Time: 0.0312 sec

 Current Memory Usage: 666.481 Meg

 Total Signals          : 20
 Total Nets             : 23
 Total Signal Drivers   : 12
 Total Blocks           : 3
 Total Primitive Blocks : 2
 Total Processes        : 16
 Total Traceable Variables  : 26
 Total Scalar Nets and Variables : 117
Total Line Count : 57

 Total Simulation Time: 0.124801 sec

 Current Memory Usage: 823.767 Meg

Fri Jul 13 14:38:17 2018

